<?xml version="1.0" encoding="UTF-8"?>
<!-- Generated by org.testng.reporters.JUnitXMLReporter -->
<testsuite hostname="DESKTOP-ADV551E" ignored="0" name="Test" tests="3" failures="1" timestamp="10 Mar 2019 11:30:55 GMT" time="1.4" errors="0">
  <testcase name="test" time="0.021" classname="com.configTest.ConfigTest1"/>
  <testcase name="dbTest" time="1.313" classname="com.configTest.DBTest"/>
  <testcase name="test1" time="0.012" classname="com.configTest.CreateJira">
    <failure type="java.lang.AssertionError" message="expected [false] but found [true]">
      <![CDATA[java.lang.AssertionError: expected [false] but found [true]
at com.configTest.CreateJira.test1(CreateJira.java:20)
... Removed 31 stack frames]]>
    </failure>
  </testcase> <!-- test1 -->
</testsuite> <!-- Test -->
