<?xml version="1.0" encoding="UTF-8"?>
<testng-results skipped="0" failed="0" ignored="0" total="1" passed="1">
  <reporter-output>
  </reporter-output>
  <suite name="Suite" duration-ms="71" started-at="2019-03-09T03:36:46Z" finished-at="2019-03-09T03:36:46Z">
    <groups>
    </groups>
    <test name="Test" duration-ms="71" started-at="2019-03-09T03:36:46Z" finished-at="2019-03-09T03:36:46Z">
      <class name="com.configTest.ConfigTest1">
        <test-method status="PASS" signature="setUp()[pri:0, instance:com.configTest.ConfigTest1@6442b0a6]" name="setUp" is-config="true" duration-ms="31" started-at="2019-03-09T03:36:46Z" finished-at="2019-03-09T03:36:46Z">
          <reporter-output>
          </reporter-output>
        </test-method> <!-- setUp -->
        <test-method status="PASS" signature="test()[pri:0, instance:com.configTest.ConfigTest1@6442b0a6]" name="test" duration-ms="16" started-at="2019-03-09T03:36:46Z" finished-at="2019-03-09T03:36:46Z">
          <reporter-output>
          </reporter-output>
        </test-method> <!-- test -->
      </class> <!-- com.configTest.ConfigTest1 -->
    </test> <!-- Test -->
  </suite> <!-- Suite -->
</testng-results>
